digraph parsed {
  v0 [label="S"];
  v0 -> v1;
  subgraph {
    rank = max;
    v1 [label="var" shape=box width=0.2]
  };
  v0 -> v2;
  v2 [label="F"];
  v2 -> v3;
  subgraph {
    rank = max;
    v3 [label="n" shape=box width=0.2]
  };
  v2 -> v4;
  v4 [label="A"];
  v4 -> v5;
  subgraph {
    rank = max;
    v5 [label="," shape=box width=0.2]
  };
  v4 -> v6;
  subgraph {
    rank = max;
    v6 [label="n" shape=box width=0.2]
  };
  v4 -> v7;
  v7 [label="A"];
  v7 -> v8;
  subgraph {
    rank = max;
    v8 [label="" shape=box width=0.2]
  };
  v2 -> v9;
  subgraph {
    rank = max;
    v9 [label=":" shape=box width=0.2]
  };
  v2 -> v10;
  subgraph {
    rank = max;
    v10 [label="n" shape=box width=0.2]
  };
  v0 -> v11;
  subgraph {
    rank = max;
    v11 [label=";" shape=box width=0.2]
  };
  v0 -> v12;
  v12 [label="E"];
  v12 -> v13;
  v13 [label="F"];
  v13 -> v14;
  subgraph {
    rank = max;
    v14 [label="n" shape=box width=0.2]
  };
  v13 -> v15;
  v15 [label="A"];
  v15 -> v16;
  subgraph {
    rank = max;
    v16 [label="" shape=box width=0.2]
  };
  v13 -> v17;
  subgraph {
    rank = max;
    v17 [label=":" shape=box width=0.2]
  };
  v13 -> v18;
  subgraph {
    rank = max;
    v18 [label="n" shape=box width=0.2]
  };
  v12 -> v19;
  subgraph {
    rank = max;
    v19 [label=";" shape=box width=0.2]
  };
  v12 -> v20;
  v20 [label="E"];
  v20 -> v21;
  subgraph {
    rank = max;
    v21 [label="" shape=box width=0.2]
  };
}
