digraph parsed {
  v0 [label="S"];
  v0 -> v1;
  subgraph {
    rank = max;
    v1 [label="var" shape=box width=0.2]
  };
  v0 -> v2;
  v2 [label="F"];
  v2 -> v3;
  subgraph {
    rank = max;
    v3 [label="n" shape=box width=0.2]
  };
  v2 -> v4;
  v4 [label="A"];
  v4 -> v5;
  subgraph {
    rank = max;
    v5 [label="" shape=box width=0.2]
  };
  v2 -> v6;
  subgraph {
    rank = max;
    v6 [label=":" shape=box width=0.2]
  };
  v2 -> v7;
  subgraph {
    rank = max;
    v7 [label="n" shape=box width=0.2]
  };
  v0 -> v8;
  subgraph {
    rank = max;
    v8 [label=";" shape=box width=0.2]
  };
  v0 -> v9;
  v9 [label="E"];
  v9 -> v10;
  v10 [label="F"];
  v10 -> v11;
  subgraph {
    rank = max;
    v11 [label="n" shape=box width=0.2]
  };
  v10 -> v12;
  v12 [label="A"];
  v12 -> v13;
  subgraph {
    rank = max;
    v13 [label="" shape=box width=0.2]
  };
  v10 -> v14;
  subgraph {
    rank = max;
    v14 [label=":" shape=box width=0.2]
  };
  v10 -> v15;
  subgraph {
    rank = max;
    v15 [label="n" shape=box width=0.2]
  };
  v9 -> v16;
  subgraph {
    rank = max;
    v16 [label=";" shape=box width=0.2]
  };
  v9 -> v17;
  v17 [label="E"];
  v17 -> v18;
  v18 [label="F"];
  v18 -> v19;
  subgraph {
    rank = max;
    v19 [label="n" shape=box width=0.2]
  };
  v18 -> v20;
  v20 [label="A"];
  v20 -> v21;
  subgraph {
    rank = max;
    v21 [label="" shape=box width=0.2]
  };
  v18 -> v22;
  subgraph {
    rank = max;
    v22 [label=":" shape=box width=0.2]
  };
  v18 -> v23;
  subgraph {
    rank = max;
    v23 [label="n" shape=box width=0.2]
  };
  v17 -> v24;
  subgraph {
    rank = max;
    v24 [label=";" shape=box width=0.2]
  };
  v17 -> v25;
  v25 [label="E"];
  v25 -> v26;
  v26 [label="F"];
  v26 -> v27;
  subgraph {
    rank = max;
    v27 [label="n" shape=box width=0.2]
  };
  v26 -> v28;
  v28 [label="A"];
  v28 -> v29;
  subgraph {
    rank = max;
    v29 [label="" shape=box width=0.2]
  };
  v26 -> v30;
  subgraph {
    rank = max;
    v30 [label=":" shape=box width=0.2]
  };
  v26 -> v31;
  subgraph {
    rank = max;
    v31 [label="n" shape=box width=0.2]
  };
  v25 -> v32;
  subgraph {
    rank = max;
    v32 [label=";" shape=box width=0.2]
  };
  v25 -> v33;
  v33 [label="E"];
  v33 -> v34;
  subgraph {
    rank = max;
    v34 [label="" shape=box width=0.2]
  };
}
